[26407.865802] invalid opcode: 0000 [#1] SMP 
[26407.893598] Modules linked in: binfmt_misc xt_conntrack ipt_MASQUERADE nf_nat_masquerade_ipv4 nf_conntrack_netlink nfnetlink xfrm_user xfrm_algo xt_addrtype iptable_filter iptable_nat nf_conntrack_ipv4 nf_defrag_ipv4 nf_nat_ipv4 nf_nat nf_conntrack ip_tables x_tables br_netfilter bridge stp llc aufs vboxsf overlay isofs input_leds video serio_raw vboxguest ib_iser rdma_cm iw_cm ib_cm ib_sa ib_mad ib_core ib_addr iscsi_tcp libiscsi_tcp libiscsi scsi_transport_iscsi autofs4 btrfs raid10 raid456 async_raid6_recov async_memcpy async_pq async_xor async_tx xor raid6_pq libcrc32c raid1 raid0 multipath linear crct10dif_pclmul crc32_pclmul ghash_clmulni_intel aesni_intel aes_x86_64 lrw gf128mul glue_helper ablk_helper cryptd mptspi scsi_transport_spi psmouse mptscsih e1000 mptbase
[26407.919452] CPU: 1 PID: 0 Comm: swapper/1 Not tainted 4.4.0-169-generic #198-Ubuntu
[26407.922109] Hardware name: innotek GmbH VirtualBox/VirtualBox, BIOS VirtualBox 12/01/2006
[26407.924339] task: ffff8800bb8f0e00 ti: ffff8800bb8fc000 task.ti: ffff8800bb8fc000
[26407.925956] RIP: 0010:[<ffffffff8153ff3b>]  [<ffffffff8153ff3b>] add_interrupt_randomness+0x14b/0x1e0
[26407.928291] RSP: 0018:ffff8800bfb03e90  EFLAGS: 00010082
[26407.929791] RAX: 0000000000000000 RBX: ffff8800bfb14f60 RCX: 0000000000000001
[26407.931686] RDX: 0000000020a82736 RSI: ffff8800bfb14f70 RDI: ffffffff81eca680
[26407.933548] RBP: ffff8800bfb03ec0 R08: ffffffff82201b90 R09: 000000000000006c
[26407.935320] R10: 000000000000007f R11: 000000000000000f R12: 0000000100639a1e
[26407.936976] R13: ffffffff81eca680 R14: ffffffff81eca6c8 R15: 0000000000000000
[26407.938575] FS:  0000000000000000(0000) GS:ffff8800bfb00000(0000) knlGS:0000000000000000
[26407.940854] CS:  0010 DS: 0000 ES: 0000 CR0: 0000000080050033
[26407.942412] CR2: 000000c0008c5010 CR3: 00000000bb282000 CR4: 0000000000060670
[26407.943912] Stack:
[26407.944412]  ffff8800bfb03ea8 a1e05011fcb2a0c2 0000000000000000 0000000000000013
[26407.946266]  0000000000000001 0000000000000001 ffff8800bfb03f10 ffffffff810e2b1d
[26407.948124]  ffff880036ede800 ffffffff81f43880 00000080811053e7 ffff880036ede800
[26407.949994] Call Trace:
[26407.950576]  <IRQ> 
[26407.951065]  [<ffffffff810e2b1d>] handle_irq_event_percpu+0x15d/0x1e0
[26407.952630]  [<ffffffff810e2bdc>] handle_irq_event+0x3c/0x60
[26407.953929]  [<ffffffff810e60d5>] handle_fasteoi_irq+0xa5/0x190
[26407.955786]  [<ffffffff81031173>] handle_irq+0x23/0x30
[26407.957265]  [<ffffffff81869f23>] do_IRQ+0x53/0xf0
[26407.958514]  [<ffffffff81867354>] common_interrupt+0xd4/0xd4
[26407.959958]  <EOI> 
[26407.960334]  [<ffffffff81039130>] ? speculation_ctrl_update_tif+0x80/0x80
[26407.961996]  [<ffffffff81067ae2>] ? native_safe_halt+0x12/0x20
[26407.963368]  [<ffffffff8103914e>] default_idle+0x1e/0xe0
[26407.964595]  [<ffffffff81039ff5>] arch_cpu_idle+0x15/0x20
[26407.965725]  [<ffffffff810cbaca>] default_idle_call+0x2a/0x40
[26407.966943]  [<ffffffff810cbe43>] cpu_startup_entry+0x303/0x360
[26407.968446]  [<ffffffff81053cf7>] start_secondary+0x177/0x1b0
[26407.969861] Code: a5 ec 81 4c 0f 45 e8 4d 8d 75 48 4c 89 f7 e8 9d 5f 32 00 85 c0 74 b7 4c 89 63 10 ba 10 00 00 00 48 89 de 4c 89 ef e8 a5 f0 ff ff <48> 0f c7 f8 0f 92 c2 84 d2 48 89 45 d0 41 bc 01 00 00 00 74 17 
[26407.976089] RIP  [<ffffffff8153ff3b>] add_interrupt_randomness+0x14b/0x1e0
[26407.977922]  RSP <ffff8800bfb03e90>
[26407.979030] ---[ end trace c847f2a7525c188f ]---
[26407.980110] Kernel panic - not syncing: Fatal exception in interrupt
[26407.981734] Kernel Offset: disabled
[26407.982568] ---[ end Kernel panic - not syncing: Fatal exception in interrupt
